[15:23:46] Case #:case1
[15:23:46] ETA: 19s or 0.32min or 0.01 hours at Epoch#0 at 15:23:46 24/08/2021
[15:23:46] ETA: 1s or 0.03min or 0.0 hours at Epoch#0 at 15:23:46 24/08/2021
[15:23:46] ETA: 2s or 0.05min or 0.0 hours at Epoch#0 at 15:23:46 24/08/2021
[15:23:46] ETA: 3s or 0.05min or 0.0 hours at Epoch#0 at 15:23:46 24/08/2021
[15:23:46] ETA: 1s or 0.02min or 0.0 hours at Epoch#0 at 15:23:46 24/08/2021
[15:23:46] ETA: 1s or 0.02min or 0.0 hours at Epoch#0 at 15:23:46 24/08/2021
[15:23:46] ETA: 1s or 0.03min or 0.0 hours at Epoch#0 at 15:23:46 24/08/2021
[15:23:46] ETA: 1s or 0.02min or 0.0 hours at Epoch#0 at 15:23:46 24/08/2021
[15:23:46] ETA: 1s or 0.03min or 0.0 hours at Epoch#0 at 15:23:46 24/08/2021
[15:23:46] ETA: 1s or 0.02min or 0.0 hours at Epoch#0 at 15:23:46 24/08/2021
[15:23:46] ETA: 1s or 0.02min or 0.0 hours at Epoch#0 at 15:23:46 24/08/2021
[15:23:46] ETA: 1s or 0.02min or 0.0 hours at Epoch#0 at 15:23:46 24/08/2021
[15:23:46] ETA: 2s or 0.03min or 0.0 hours at Epoch#0 at 15:23:46 24/08/2021
[15:23:46] ETA: 0s or 0.02min or 0.0 hours at Epoch#0 at 15:23:46 24/08/2021
[15:23:46] ETA: 0s or 0.02min or 0.0 hours at Epoch#0 at 15:23:46 24/08/2021
[15:23:46] ETA: 1s or 0.02min or 0.0 hours at Epoch#0 at 15:23:46 24/08/2021
[15:23:46] ETA: 1s or 0.02min or 0.0 hours at Epoch#0 at 15:23:46 24/08/2021
[15:23:46] ETA: 1s or 0.03min or 0.0 hours at Epoch#0 at 15:23:46 24/08/2021
[15:23:46] ETA: 1s or 0.03min or 0.0 hours at Epoch#0 at 15:23:46 24/08/2021
[15:23:46] ETA: 1s or 0.02min or 0.0 hours at Epoch#0 at 15:23:46 24/08/2021
[15:23:46] ETA: 0s or 0.01min or 0.0 hours at Epoch#0 at 15:23:46 24/08/2021
[15:23:46] ETA: 0s or 0.01min or 0.0 hours at Epoch#0 at 15:23:46 24/08/2021
[15:23:46] ETA: 1s or 0.02min or 0.0 hours at Epoch#0 at 15:23:46 24/08/2021
[15:23:46] ETA: 0s or 0.01min or 0.0 hours at Epoch#0 at 15:23:46 24/08/2021
[15:23:46] ETA: 0s or 0.01min or 0.0 hours at Epoch#0 at 15:23:46 24/08/2021
[15:23:46] ETA: 0s or 0.01min or 0.0 hours at Epoch#0 at 15:23:46 24/08/2021
[15:23:46] ETA: 0s or 0.01min or 0.0 hours at Epoch#0 at 15:23:46 24/08/2021
[15:23:47] ETA: 0s or 0.02min or 0.0 hours at Epoch#0 at 15:23:47 24/08/2021
[15:23:47] ETA: 0s or 0.01min or 0.0 hours at Epoch#0 at 15:23:47 24/08/2021
[15:23:47] ETA: 0s or 0.02min or 0.0 hours at Epoch#0 at 15:23:47 24/08/2021
[15:23:47] ETA: 0s or 0.01min or 0.0 hours at Epoch#0 at 15:23:47 24/08/2021
[15:23:47] ETA: 0s or 0.01min or 0.0 hours at Epoch#0 at 15:23:47 24/08/2021
[15:23:47] ETA: 0s or 0.01min or 0.0 hours at Epoch#0 at 15:23:47 24/08/2021
[15:23:47] ETA: 0s or 0.01min or 0.0 hours at Epoch#0 at 15:23:47 24/08/2021
[15:23:47] ETA: 1s or 0.02min or 0.0 hours at Epoch#0 at 15:23:47 24/08/2021
[15:23:47] ETA: 0s or 0.01min or 0.0 hours at Epoch#0 at 15:23:47 24/08/2021
[15:23:47] ETA: 0s or 0.01min or 0.0 hours at Epoch#1 at 15:23:47 24/08/2021
[15:23:47] ETA: 0s or 0.01min or 0.0 hours at Epoch#1 at 15:23:47 24/08/2021
[15:23:47] ETA: 0s or 0.0min or 0.0 hours at Epoch#1 at 15:23:47 24/08/2021
[15:23:47] ETA: 0s or 0.0min or 0.0 hours at Epoch#1 at 15:23:47 24/08/2021
[15:23:47] ETA: 0s or 0.0min or 0.0 hours at Epoch#1 at 15:23:47 24/08/2021
[15:23:47] ETA: 0s or 0.0min or 0.0 hours at Epoch#1 at 15:23:47 24/08/2021
[15:23:47] ETA: 0s or 0.02min or 0.0 hours at Epoch#1 at 15:23:47 24/08/2021
[15:23:47] ETA: 0s or 0.0min or 0.0 hours at Epoch#1 at 15:23:47 24/08/2021
[15:23:47] ETA: 0s or 0.0min or 0.0 hours at Epoch#1 at 15:23:47 24/08/2021
[15:23:47] ETA: 0s or 0.0min or 0.0 hours at Epoch#1 at 15:23:47 24/08/2021
[15:23:47] ETA: 0s or 0.0min or 0.0 hours at Epoch#1 at 15:23:47 24/08/2021
[15:23:47] ETA: 1s or 0.02min or 0.0 hours at Epoch#1 at 15:23:47 24/08/2021
[15:23:47] ETA: 0s or 0.01min or 0.0 hours at Epoch#1 at 15:23:47 24/08/2021
[15:23:47] ETA: 0s or 0.0min or 0.0 hours at Epoch#1 at 15:23:47 24/08/2021
[15:23:47] ETA: 1s or 0.02min or 0.0 hours at Epoch#1 at 15:23:47 24/08/2021
[15:23:47] ETA: 0s or 0.0min or 0.0 hours at Epoch#1 at 15:23:47 24/08/2021
[15:23:47] ETA: 0s or 0.0min or 0.0 hours at Epoch#1 at 15:23:47 24/08/2021
[15:23:47] ETA: 0s or -0.0min or -0.0 hours at Epoch#1 at 15:23:47 24/08/2021
[15:23:47] ETA: 0s or -0.0min or -0.0 hours at Epoch#1 at 15:23:47 24/08/2021
[15:23:47] ETA: 0s or -0.0min or -0.0 hours at Epoch#1 at 15:23:47 24/08/2021
[15:23:47] ETA: 0s or 0.01min or 0.0 hours at Epoch#1 at 15:23:47 24/08/2021
[15:23:47] ETA: 0s or 0.0min or 0.0 hours at Epoch#1 at 15:23:47 24/08/2021
[15:23:47] ETA: 1s or 0.02min or 0.0 hours at Epoch#1 at 15:23:47 24/08/2021
[15:23:47] ETA: 0s or 0.01min or 0.0 hours at Epoch#1 at 15:23:47 24/08/2021
[15:23:47] ETA: 0s or 0.01min or 0.0 hours at Epoch#1 at 15:23:47 24/08/2021
[15:23:47] ETA: 0s or -0.0min or -0.0 hours at Epoch#1 at 15:23:47 24/08/2021
[15:23:47] ETA: 0s or -0.0min or -0.0 hours at Epoch#1 at 15:23:47 24/08/2021
[15:23:47] ETA: 0s or -0.01min or -0.0 hours at Epoch#1 at 15:23:47 24/08/2021
[15:23:47] ETA: 0s or 0.0min or 0.0 hours at Epoch#1 at 15:23:47 24/08/2021
[15:23:48] ETA: 0s or -0.0min or -0.0 hours at Epoch#1 at 15:23:48 24/08/2021
[15:23:48] ETA: 0s or -0.0min or -0.0 hours at Epoch#1 at 15:23:48 24/08/2021
[15:23:48] ETA: 0s or 0.01min or 0.0 hours at Epoch#1 at 15:23:48 24/08/2021
[15:23:48] ETA: 0s or -0.01min or -0.0 hours at Epoch#1 at 15:23:48 24/08/2021
[15:23:48] ETA: 0s or -0.01min or -0.0 hours at Epoch#1 at 15:23:48 24/08/2021
[15:23:48] ETA: 0s or -0.01min or -0.0 hours at Epoch#1 at 15:23:48 24/08/2021
[15:23:48] ETA: 0s or -0.0min or -0.0 hours at Epoch#1 at 15:23:48 24/08/2021
[15:23:48] About to store... at 15:23:48 24/08/2021
[15:23:48] Output file directory:/home/loicka/Desktop/ws_whorld/organized_whorld/OUTPUTS/RUN_RESULTS/sa/IBI_300_DDR_mixed
[15:23:48] All stored at 15:23:48 24/08/2021
[15:23:48] Execution time 3 seconds, or 0.05 minutes, or 0.0 hours 
