[15:16:36] Case #:case1
[15:16:36] ETA: 1s or 0.03min or 0.0 hours at Epoch#0 at 15:16:36 24/08/2021
[15:16:36] ETA: 1s or 0.03min or 0.0 hours at Epoch#0 at 15:16:36 24/08/2021
[15:16:36] ETA: 1s or 0.03min or 0.0 hours at Epoch#0 at 15:16:36 24/08/2021
[15:16:36] ETA: 1s or 0.03min or 0.0 hours at Epoch#0 at 15:16:36 24/08/2021
[15:16:36] ETA: 3s or 0.05min or 0.0 hours at Epoch#0 at 15:16:36 24/08/2021
[15:16:36] ETA: 1s or 0.02min or 0.0 hours at Epoch#0 at 15:16:36 24/08/2021
[15:16:36] ETA: 1s or 0.02min or 0.0 hours at Epoch#0 at 15:16:36 24/08/2021
[15:16:36] ETA: 1s or 0.02min or 0.0 hours at Epoch#0 at 15:16:36 24/08/2021
[15:16:36] ETA: 2s or 0.04min or 0.0 hours at Epoch#0 at 15:16:36 24/08/2021
[15:16:36] ETA: 1s or 0.02min or 0.0 hours at Epoch#0 at 15:16:36 24/08/2021
[15:16:36] ETA: 1s or 0.03min or 0.0 hours at Epoch#0 at 15:16:36 24/08/2021
[15:16:36] ETA: 2s or 0.05min or 0.0 hours at Epoch#0 at 15:16:36 24/08/2021
[15:16:36] ETA: 1s or 0.02min or 0.0 hours at Epoch#0 at 15:16:36 24/08/2021
[15:16:36] ETA: 1s or 0.02min or 0.0 hours at Epoch#0 at 15:16:36 24/08/2021
[15:16:36] ETA: 1s or 0.02min or 0.0 hours at Epoch#0 at 15:16:36 24/08/2021
[15:16:36] ETA: 1s or 0.02min or 0.0 hours at Epoch#0 at 15:16:36 24/08/2021
[15:16:36] ETA: 1s or 0.02min or 0.0 hours at Epoch#0 at 15:16:36 24/08/2021
[15:16:36] ETA: 1s or 0.03min or 0.0 hours at Epoch#0 at 15:16:36 24/08/2021
[15:16:36] ETA: 1s or 0.02min or 0.0 hours at Epoch#0 at 15:16:36 24/08/2021
[15:16:36] ETA: 1s or 0.02min or 0.0 hours at Epoch#0 at 15:16:36 24/08/2021
[15:16:36] ETA: 1s or 0.02min or 0.0 hours at Epoch#0 at 15:16:36 24/08/2021
[15:16:36] ETA: 1s or 0.02min or 0.0 hours at Epoch#0 at 15:16:36 24/08/2021
[15:16:36] ETA: 0s or 0.02min or 0.0 hours at Epoch#0 at 15:16:36 24/08/2021
[15:16:36] ETA: 1s or 0.02min or 0.0 hours at Epoch#0 at 15:16:36 24/08/2021
[15:16:36] ETA: 1s or 0.02min or 0.0 hours at Epoch#0 at 15:16:36 24/08/2021
[15:16:36] ETA: 0s or 0.02min or 0.0 hours at Epoch#0 at 15:16:36 24/08/2021
[15:16:36] ETA: 0s or 0.02min or 0.0 hours at Epoch#0 at 15:16:36 24/08/2021
[15:16:37] ETA: 1s or 0.02min or 0.0 hours at Epoch#0 at 15:16:37 24/08/2021
[15:16:37] ETA: 0s or 0.02min or 0.0 hours at Epoch#0 at 15:16:37 24/08/2021
[15:16:37] ETA: 0s or 0.01min or 0.0 hours at Epoch#0 at 15:16:37 24/08/2021
[15:16:37] ETA: 1s or 0.03min or 0.0 hours at Epoch#0 at 15:16:37 24/08/2021
[15:16:37] ETA: 0s or 0.01min or 0.0 hours at Epoch#0 at 15:16:37 24/08/2021
[15:16:37] ETA: 0s or 0.01min or 0.0 hours at Epoch#0 at 15:16:37 24/08/2021
[15:16:37] ETA: 0s or 0.01min or 0.0 hours at Epoch#0 at 15:16:37 24/08/2021
[15:16:37] ETA: 0s or 0.01min or 0.0 hours at Epoch#0 at 15:16:37 24/08/2021
[15:16:37] ETA: 0s or 0.01min or 0.0 hours at Epoch#0 at 15:16:37 24/08/2021
[15:16:37] ETA: 0s or 0.01min or 0.0 hours at Epoch#1 at 15:16:37 24/08/2021
[15:16:37] ETA: 0s or 0.01min or 0.0 hours at Epoch#1 at 15:16:37 24/08/2021
[15:16:37] ETA: 0s or 0.01min or 0.0 hours at Epoch#1 at 15:16:37 24/08/2021
[15:16:37] ETA: 1s or 0.03min or 0.0 hours at Epoch#1 at 15:16:37 24/08/2021
[15:16:37] ETA: 1s or 0.02min or 0.0 hours at Epoch#1 at 15:16:37 24/08/2021
[15:16:37] ETA: 0s or 0.01min or 0.0 hours at Epoch#1 at 15:16:37 24/08/2021
[15:16:37] ETA: 0s or 0.01min or 0.0 hours at Epoch#1 at 15:16:37 24/08/2021
[15:16:37] ETA: 0s or 0.01min or 0.0 hours at Epoch#1 at 15:16:37 24/08/2021
[15:16:37] ETA: 0s or 0.01min or 0.0 hours at Epoch#1 at 15:16:37 24/08/2021
[15:16:37] ETA: 0s or 0.01min or 0.0 hours at Epoch#1 at 15:16:37 24/08/2021
[15:16:37] ETA: 0s or 0.01min or 0.0 hours at Epoch#1 at 15:16:37 24/08/2021
[15:16:37] ETA: 0s or 0.01min or 0.0 hours at Epoch#1 at 15:16:37 24/08/2021
[15:16:37] ETA: 1s or 0.02min or 0.0 hours at Epoch#1 at 15:16:37 24/08/2021
[15:16:37] ETA: 1s or 0.02min or 0.0 hours at Epoch#1 at 15:16:37 24/08/2021
[15:16:37] ETA: 0s or 0.01min or 0.0 hours at Epoch#1 at 15:16:37 24/08/2021
[15:16:37] ETA: 1s or 0.02min or 0.0 hours at Epoch#1 at 15:16:37 24/08/2021
[15:16:37] ETA: 0s or 0.01min or 0.0 hours at Epoch#1 at 15:16:37 24/08/2021
[15:16:37] ETA: 0s or 0.01min or 0.0 hours at Epoch#1 at 15:16:37 24/08/2021
[15:16:37] ETA: 0s or 0.01min or 0.0 hours at Epoch#1 at 15:16:37 24/08/2021
[15:16:37] ETA: 0s or 0.0min or 0.0 hours at Epoch#1 at 15:16:37 24/08/2021
[15:16:37] ETA: 0s or 0.01min or 0.0 hours at Epoch#1 at 15:16:37 24/08/2021
[15:16:37] ETA: 0s or 0.0min or 0.0 hours at Epoch#1 at 15:16:37 24/08/2021
[15:16:37] ETA: 1s or 0.02min or 0.0 hours at Epoch#1 at 15:16:37 24/08/2021
[15:16:37] ETA: 0s or 0.0min or 0.0 hours at Epoch#1 at 15:16:37 24/08/2021
[15:16:37] ETA: 0s or 0.0min or 0.0 hours at Epoch#1 at 15:16:37 24/08/2021
[15:16:37] ETA: 0s or 0.01min or 0.0 hours at Epoch#1 at 15:16:37 24/08/2021
[15:16:37] ETA: 0s or -0.0min or -0.0 hours at Epoch#1 at 15:16:37 24/08/2021
[15:16:37] ETA: 0s or -0.0min or -0.0 hours at Epoch#1 at 15:16:37 24/08/2021
[15:16:37] ETA: 0s or -0.0min or -0.0 hours at Epoch#1 at 15:16:37 24/08/2021
[15:16:37] ETA: 0s or 0.0min or 0.0 hours at Epoch#1 at 15:16:37 24/08/2021
[15:16:38] ETA: 0s or 0.02min or 0.0 hours at Epoch#1 at 15:16:38 24/08/2021
[15:16:38] ETA: 1s or 0.02min or 0.0 hours at Epoch#1 at 15:16:38 24/08/2021
[15:16:38] ETA: 0s or -0.0min or -0.0 hours at Epoch#1 at 15:16:38 24/08/2021
[15:16:38] ETA: 0s or -0.0min or -0.0 hours at Epoch#1 at 15:16:38 24/08/2021
[15:16:38] ETA: 0s or -0.0min or -0.0 hours at Epoch#1 at 15:16:38 24/08/2021
[15:16:38] ETA: 0s or -0.0min or -0.0 hours at Epoch#1 at 15:16:38 24/08/2021
[15:16:38] About to store... at 15:16:38 24/08/2021
[15:16:38] Output file directory:/home/loicka/Desktop/ws_whorld/organized_whorld/OUTPUTS/RUN_RESULTS/nbvcxz/IBI_300_DDR_mixed
[15:16:38] All stored at 15:16:38 24/08/2021
[15:16:38] Execution time 3 seconds, or 0.04 minutes, or 0.0 hours 
